<?xml version="1.0" encoding="UTF-8" ?>
<testsuite errors="1" failures="1" hostname="INF900860" name="checkers.BoardTest" tests="2" time="0.609" timestamp="2016-11-14T16:00:07">
  <properties>
    <property name="libs.jsp-compiler.javadoc" value="" />
    <property name="netbeans.autoupdate.country" value="US" />
    <property name="javac.test.classpath" value=":build/classes:\\ad.susx.ac.uk\ITS\Applications\Informatics\Netbeans-7.1\platform\modules\ext\junit-4.10.jar" />
    <property name="libs.jsf20.maven-pom" value="" />
    <property name="libs.DataBindingME.src" value="\\ad.susx.ac.uk\ITS\Applications\Informatics\Netbeans-7.1\mobility\sources\netbeans_databindingme-src.zip" />
    <property name="libs.j2me_ant_ext.javadoc" value="" />
    <property name="libs.junit.javadoc" value="\\ad.susx.ac.uk\ITS\Applications\Informatics\Netbeans-7.1\java\docs\junit-3.8.2-api.zip" />
    <property name="libs.nokiaS80-ant-utils.javadoc" value="" />
    <property name="ant.core.lib" value="\\ad.susx.ac.uk\ITS\Applications\Informatics\Netbeans-7.1\java\ant\lib\ant.jar" />
    <property name="libs.jakarta_slide_ant_webdav.javadoc" value="" />
    <property name="javadoc.windowtitle" value="" />
    <property name="libs.toplink.classpath" value="\\ad.susx.ac.uk\ITS\Applications\Informatics\Netbeans-7.1\java\modules\ext\toplink\toplink-essentials.jar;\\ad.susx.ac.uk\ITS\Applications\Informatics\Netbeans-7.1\java\modules\ext\toplink\toplink-essentials-agent.jar" />
    <property name="libs.jsp-compilation.javadoc" value="" />
    <property name="user.dir" value="N:\Desktop\GitHub\Checkers" />
    <property name="libs.hibernate-persistence.javadoc" value="" />
    <property name="libs.JMUnit4CLDC10.javadoc" value="\\ad.susx.ac.uk\ITS\Applications\Informatics\Netbeans-7.1\mobility\modules\docs\jmunit-1.2.1-api.zip" />
    <property name="java.vm.version" value="22.1-b02" />
    <property name="libs.DataBindingME.classpath" value="\\ad.susx.ac.uk\ITS\Applications\Informatics\Netbeans-7.1\mobility\modules\ext\netbeans_databindingme.jar" />
    <property name="libs.jstl11.maven-pom" value="" />
    <property name="libs.MySQLDriver.classpath" value="\\ad.susx.ac.uk\ITS\Applications\Informatics\Netbeans-7.1\ide\modules\ext\mysql-connector-java-5.1.13-bin.jar" />
    <property name="libs.eclipselinkmodelgen.src" value="" />
    <property name="libs.jstl11.src" value="" />
    <property name="javadoc.notree" value="false" />
    <property name="netbeans.autoupdate.version" value="1.23" />
    <property name="libs.javaee-web-api-6.0.classpath" value="\\ad.susx.ac.uk\ITS\Applications\Informatics\Netbeans-7.1\enterprise\modules\ext\javaee-web-api-6.0.jar" />
    <property name="libs.DataBindingME-PIM.maven-pom" value="" />
    <property name="libs.hibernate-support.maven-pom" value="" />
    <property name="libs.hibernate-support.javadoc" value="" />
    <property name="libs.NetBeans MIDP Components.maven-pom" value="" />
    <property name="javac.profile.cmd.line.arg" value="" />
    <property name="jdk.home" value="\\ad.susx.ac.uk\its\Applications\Informatics\jdk1.7.0_03" />
    <property name="libs.javac-api.src" value="" />
    <property name="javadoc.noindex" value="false" />
    <property name="sun.os.patch.level" value="Service Pack 1" />
    <property name="do.archive+manifest.available" value="true" />
    <property name="java.vm.specification.name" value="Java Virtual Machine Specification" />
    <property name="libs.semc-ant-utils.classpath" value="\\ad.susx.ac.uk\ITS\Applications\Informatics\Netbeans-7.1\mobility\modules\ext\org-netbeans-modules-j2me-cdc-project-semc.jar" />
    <property name="nb.show.statistics.ui" value="usageStatisticsEnabled" />
    <property name="libs.nokiadeployment.classpath" value="\\ad.susx.ac.uk\ITS\Applications\Informatics\Netbeans-7.1\mobility\modules\org-netbeans-modules-mobility-deployment-nokia.jar" />
    <property name="netbeans.autoupdate.variant" value="" />
    <property name="have.tests" value="true" />
    <property name="libs.nokiaS80-ant-utils.maven-pom" value="" />
    <property name="org.xml.sax.driver" value="com.sun.org.apache.xerces.internal.jaxp.SAXParserImpl$JAXPSAXParser" />
    <property name="libs.nb_svg_midp_components.src" value="\\ad.susx.ac.uk\ITS\Applications\Informatics\Netbeans-7.1\mobility\sources\nb_svg_midp_components-src.zip" />
    <property name="libs.NetBeans MIDP Components WMA.src" value="\\ad.susx.ac.uk\ITS\Applications\Informatics\Netbeans-7.1\mobility\sources\netbeans_midp_components_wma-src.zip" />
    <property name="libs.javac-api.javadoc" value="" />
    <property name="os.name" value="Windows 7" />
    <property name="libs.beans-binding.classpath" value="\\ad.susx.ac.uk\ITS\Applications\Informatics\Netbeans-7.1\java\modules\ext\beansbinding-1.2.1.jar" />
    <property name="ap.proc.none.internal" value="" />
    <property name="libs.DataBindingME-SVG.javadoc" value="\\ad.susx.ac.uk\ITS\Applications\Informatics\Netbeans-7.1\mobility\modules\docs\netbeans_databindingme_svg-api.zip" />
    <property name="libs.restapi.javadoc" value="\\ad.susx.ac.uk\ITS\Applications\Informatics\Netbeans-7.1\enterprise\docs\jsr311-api-1.1.1-javadoc.zip" />
    <property name="libs.JWSAntTasks.maven-pom" value="" />
    <property name="libs.ojec-ant-utils.src" value="" />
    <property name="libs.spring-webmvc3.0.src" value="" />
    <property name="libs.restapi.classpath" value="\\ad.susx.ac.uk\ITS\Applications\Informatics\Netbeans-7.1\enterprise\modules\ext\rest\jsr311-api-1.1.1.jar" />
    <property name="java.vendor.url.bug" value="http://bugreport.sun.com/bugreport/" />
    <property name="libs.jaxb.maven-pom" value="" />
    <property name="os.arch" value="amd64" />
    <property name="libs.eclipselink.src" value="" />
    <property name="user.name" value="sdm29" />
    <property name="libs.jsf12.javadoc" value="\\ad.susx.ac.uk\ITS\Applications\Informatics\Netbeans-7.1\enterprise\docs\javaee6-doc-api.zip" />
    <property name="copylibs.rebase" value="true" />
    <property name="libs.spring-webmvc3.0.maven-pom" value="" />
    <property name="libs.swing-layout.maven-pom" value="" />
    <property name="sun.java.command" value="org.apache.tools.ant.taskdefs.optional.junit.JUnitTestRunner checkers.BoardTest filtertrace=true haltOnError=false haltOnFailure=false showoutput=true outputtoformatters=true logfailedtests=true logtestlistenerevents=true formatter=org.apache.tools.ant.taskdefs.optional.junit.BriefJUnitResultFormatter formatter=org.apache.tools.ant.taskdefs.optional.junit.XMLJUnitResultFormatter,N:\Desktop\GitHub\Checkers\build\test\results\TEST-checkers.BoardTest.xml crashfile=N:\Desktop\GitHub\Checkers\build\junitvmwatcher1877995350554600422.properties propsfile=N:\Desktop\GitHub\Checkers\build\junit4244002826866004109.properties" />
    <property name="build.classes.dir" value="build/classes" />
    <property name="netbeans.accept_license_class" value="org.netbeans.license.AcceptLicense" />
    <property name="build.sysclasspath" value="ignore" />
    <property name="ant.file.Checkers-impl" value="N:\Desktop\GitHub\Checkers\nbproject\build-impl.xml" />
    <property name="ap.supported.internal" value="true" />
    <property name="libs.jaxws21.javadoc" value="\\ad.susx.ac.uk\ITS\Applications\Informatics\Netbeans-7.1\java\docs\jaxws-api-doc.zip" />
    <property name="includes" value="**" />
    <property name="libs.ojec-ant-utils.maven-pom" value="" />
    <property name="user.country" value="US" />
    <property name="manifest.file" value="manifest.mf" />
    <property name="libs.jstl11.javadoc" value="\\ad.susx.ac.uk\ITS\Applications\Informatics\Netbeans-7.1\enterprise\docs\javaee6-doc-api.zip" />
    <property name="libs.JMUnit4CLDC11.src" value="" />
    <property name="javadoc.encoding" value="UTF-8" />
    <property name="javac.classpath" value="" />
    <property name="libs.jsp-compilation-syscp.src" value="" />
    <property name="debug-transport" value="dt_shmem" />
    <property name="netbeans.home" value="\\ad.susx.ac.uk\ITS\Applications\Informatics\Netbeans-7.1\platform" />
    <property name="build.compiler.emacs" value="true" />
    <property name="libs.javaee-web-api-6.0.src" value="" />
    <property name="libs.ejb3-persistence.src" value="" />
    <property name="libs.jsp-compilation-syscp.classpath" value="\\ad.susx.ac.uk\ITS\Applications\Informatics\Netbeans-7.1\java\ant\lib\ant.jar;\\ad.susx.ac.uk\ITS\Applications\Informatics\Netbeans-7.1\enterprise\modules\ext\servlet3.0-jsp2.2-api.jar;\\ad.susx.ac.uk\ITS\Applications\Informatics\Netbeans-7.1\enterprise\modules\ext\glassfish-jspparser-3.0.jar;\\ad.susx.ac.uk\ITS\Applications\Informatics\Netbeans-7.1\enterprise\modules\ext\standard.jar;\\ad.susx.ac.uk\ITS\Applications\Informatics\Netbeans-7.1\enterprise\modules\ext\jsf-2_1\jsf-impl.jar" />
    <property name="libs.nokiaS80-ant-utils.src" value="" />
    <property name="libs.cdc-pp-awt-layout.javadoc" value="" />
    <property name="libs.j2me_ant_ext.classpath" value="\\ad.susx.ac.uk\ITS\Applications\Informatics\Netbeans-7.1\mobility\modules\org-netbeans-modules-mobility-antext.jar;\\ad.susx.ac.uk\ITS\Applications\Informatics\Netbeans-7.1\java\modules\org-netbeans-modules-classfile.jar" />
    <property name="java.endorsed.dirs" value="\\ad.susx.ac.uk\its\Applications\Informatics\jdk1.7.0_03\jre\lib\endorsed" />
    <property name="libs.groovy-all.src" value="" />
    <property name="netbeans.dynamic.classpath" value="\\ad.susx.ac.uk\ITS\Applications\Informatics\Netbeans-7.1\platform\core\core.jar;\\ad.susx.ac.uk\ITS\Applications\Informatics\Netbeans-7.1\platform\core\org-openide-filesystems.jar;\\ad.susx.ac.uk\ITS\Applications\Informatics\Netbeans-7.1\platform\core\locale\core_ja.jar;\\ad.susx.ac.uk\ITS\Applications\Informatics\Netbeans-7.1\platform\core\locale\core_pt_BR.jar;\\ad.susx.ac.uk\ITS\Applications\Informatics\Netbeans-7.1\platform\core\locale\core_ru.jar;\\ad.susx.ac.uk\ITS\Applications\Informatics\Netbeans-7.1\platform\core\locale\core_zh_CN.jar;\\ad.susx.ac.uk\ITS\Applications\Informatics\Netbeans-7.1\platform\core\locale\org-openide-filesystems_ja.jar;\\ad.susx.ac.uk\ITS\Applications\Informatics\Netbeans-7.1\platform\core\locale\org-openide-filesystems_pt_BR.jar;\\ad.susx.ac.uk\ITS\Applications\Informatics\Netbeans-7.1\platform\core\locale\org-openide-filesystems_ru.jar;\\ad.susx.ac.uk\ITS\Applications\Informatics\Netbeans-7.1\platform\core\locale\org-openide-filesystems_zh_CN.jar;\\ad.susx.ac.uk\ITS\Applications\Informatics\Netbeans-7.1\nb\core\org-netbeans-upgrader.jar;\\ad.susx.ac.uk\ITS\Applications\Informatics\Netbeans-7.1\nb\core\locale\core_nb.jar;\\ad.susx.ac.uk\ITS\Applications\Informatics\Netbeans-7.1\nb\core\locale\core_nb_ja.jar;\\ad.susx.ac.uk\ITS\Applications\Informatics\Netbeans-7.1\nb\core\locale\core_nb_pt_BR.jar;\\ad.susx.ac.uk\ITS\Applications\Informatics\Netbeans-7.1\nb\core\locale\core_nb_ru.jar;\\ad.susx.ac.uk\ITS\Applications\Informatics\Netbeans-7.1\nb\core\locale\core_nb_zh_CN.jar;\\ad.susx.ac.uk\ITS\Applications\Informatics\Netbeans-7.1\nb\core\locale\org-netbeans-upgrader_ja.jar;\\ad.susx.ac.uk\ITS\Applications\Informatics\Netbeans-7.1\nb\core\locale\org-netbeans-upgrader_pt_BR.jar;\\ad.susx.ac.uk\ITS\Applications\Informatics\Netbeans-7.1\nb\core\locale\org-netbeans-upgrader_ru.jar;\\ad.susx.ac.uk\ITS\Applications\Informatics\Netbeans-7.1\nb\core\locale\org-netbeans-upgrader_zh_CN.jar" />
    <property name="libs.cdc-agui-swing-layout.maven-pom" value="" />
    <property name="libs.cdc-pp-awt-layout.src" value="\\ad.susx.ac.uk\ITS\Applications\Informatics\Netbeans-7.1\mobility\sources\cdc-pp-awt-layout-src.zip" />
    <property name="java.vm.specification.version" value="1.7" />
    <property name="libs.jakarta_slide_ant_webdav.src" value="" />
    <property name="libs.primefaces.classpath" value="\\ad.susx.ac.uk\ITS\Applications\Informatics\Netbeans-7.1\enterprise\modules\ext\primefaces\primefaces-2.2.1.jar" />
    <property name="libs.javaee-api-6.0.classpath" value="\\ad.susx.ac.uk\ITS\Applications\Informatics\Netbeans-7.1\enterprise\modules\ext\javaee-api-6.0.jar" />
    <property name="libs.sjmc-ant-utils.maven-pom" value="" />
    <property name="libs.groovy-all.maven-pom" value="" />
    <property name="libs.JMUnit4CLDC10.maven-pom" value="" />
    <property name="netbeans.productversion" value="NetBeans IDE 7.1 (Build 201112071828)" />
    <property name="libs.hibernate-persistence.classpath" value="\\ad.susx.ac.uk\ITS\Applications\Informatics\Netbeans-7.1\java\modules\ext\hibernate\antlr-2.7.6.jar;\\ad.susx.ac.uk\ITS\Applications\Informatics\Netbeans-7.1\java\modules\ext\hibernate\asm.jar;\\ad.susx.ac.uk\ITS\Applications\Informatics\Netbeans-7.1\java\modules\ext\hibernate\asm-attrs.jar;\\ad.susx.ac.uk\ITS\Applications\Informatics\Netbeans-7.1\java\modules\ext\hibernate\cglib-2.1.3.jar;\\ad.susx.ac.uk\ITS\Applications\Informatics\Netbeans-7.1\java\modules\ext\hibernate\commons-collections-2.1.1.jar;\\ad.susx.ac.uk\ITS\Applications\Informatics\Netbeans-7.1\ide\modules\org-apache-commons-logging.jar;\\ad.susx.ac.uk\ITS\Applications\Informatics\Netbeans-7.1\java\modules\ext\hibernate\dom4j-1.6.1.jar;\\ad.susx.ac.uk\ITS\Applications\Informatics\Netbeans-7.1\java\modules\ext\hibernate\ehcache-1.2.3.jar;\\ad.susx.ac.uk\ITS\Applications\Informatics\Netbeans-7.1\java\modules\ext\hibernate\jdbc2_0-stdext.jar;\\ad.susx.ac.uk\ITS\Applications\Informatics\Netbeans-7.1\java\modules\ext\hibernate\jta.jar;\\ad.susx.ac.uk\ITS\Applications\Informatics\Netbeans-7.1\java\modules\ext\hibernate\hibernate3.jar;\\ad.susx.ac.uk\ITS\Applications\Informatics\Netbeans-7.1\java\modules\ext\hibernate\hibernate-tools.jar;\\ad.susx.ac.uk\ITS\Applications\Informatics\Netbeans-7.1\java\modules\ext\hibernate\hibernate-annotations.jar;\\ad.susx.ac.uk\ITS\Applications\Informatics\Netbeans-7.1\java\modules\ext\hibernate\hibernate-commons-annotations.jar;\\ad.susx.ac.uk\ITS\Applications\Informatics\Netbeans-7.1\java\modules\ext\hibernate\hibernate-entitymanager.jar;\\ad.susx.ac.uk\ITS\Applications\Informatics\Netbeans-7.1\java\modules\ext\hibernate\javassist.jar;\\ad.susx.ac.uk\ITS\Applications\Informatics\Netbeans-7.1\java\modules\ext\hibernate\ejb3-persistence.jar" />
    <property name="libs.jaxws21.src" value="" />
    <property name="do.archive" value="true" />
    <property name="netbeans.autoupdate.language" value="en" />
    <property name="libs.jakarta_slide_ant_webdav.classpath" value="\\ad.susx.ac.uk\ITS\Applications\Informatics\Netbeans-7.1\mobility\modules\ext\commons-httpclient-3.0.1.jar;\\ad.susx.ac.uk\ITS\Applications\Informatics\Netbeans-7.1\ide\modules\org-apache-commons-logging.jar;\\ad.susx.ac.uk\ITS\Applications\Informatics\Netbeans-7.1\mobility\modules\ext\jdom-1.0.jar;\\ad.susx.ac.uk\ITS\Applications\Informatics\Netbeans-7.1\mobility\modules\ext\jakarta-slide-webdavlib-2.1.jar;\\ad.susx.ac.uk\ITS\Applications\Informatics\Netbeans-7.1\mobility\modules\ext\jakarta-slide-ant-webdav-2.1.jar" />
    <property name="java.vendor" value="Oracle Corporation" />
    <property name="libs.JMUnit4CLDC10.src" value="" />
    <property name="libs.javaee-api-6.0.javadoc" value="\\ad.susx.ac.uk\ITS\Applications\Informatics\Netbeans-7.1\enterprise\docs\javaee6-doc-api.zip" />
    <property name="jar.index.metainf" value="false" />
    <property name="javac.debug" value="true" />
    <property name="javadoc.splitindex" value="true" />
    <property name="file.separator" value="\" />
    <property name="libs.junit_4.maven-pom" value="" />
    <property name="mkdist.disabled" value="false" />
    <property name="javac.test.processorpath" value=":build/classes:\\ad.susx.ac.uk\ITS\Applications\Informatics\Netbeans-7.1\platform\modules\ext\junit-4.10.jar" />
    <property name="netbeans.buildnumber" value="201112071828" />
    <property name="libs.JWSAntTasks.javadoc" value="" />
    <property name="build.generated.sources.dir" value="build/generated-sources" />
    <property name="user.variant" value="" />
    <property name="libs.eclipselinkmodelgen.classpath" value="\\ad.susx.ac.uk\ITS\Applications\Informatics\Netbeans-7.1\java\modules\ext\eclipselink\eclipselink-jpa-modelgen-2.3.0.jar" />
    <property name="sun.java.launcher" value="SUN_STANDARD" />
    <property name="libs.junit.classpath" value="\\ad.susx.ac.uk\ITS\Applications\Informatics\Netbeans-7.1\java\modules\ext\junit-3.8.2.jar" />
    <property name="libs.jaxb.javadoc" value="\\ad.susx.ac.uk\ITS\Applications\Informatics\Netbeans-7.1\ide\docs\jaxb-api-doc.zip" />
    <property name="libs.struts.classpath" value="\\ad.susx.ac.uk\ITS\Applications\Informatics\Netbeans-7.1\enterprise\modules\ext\struts\antlr-2.7.2.jar;\\ad.susx.ac.uk\ITS\Applications\Informatics\Netbeans-7.1\enterprise\modules\ext\struts\bsf-2.3.0.jar;\\ad.susx.ac.uk\ITS\Applications\Informatics\Netbeans-7.1\enterprise\modules\ext\struts\commons-beanutils-1.8.0.jar;\\ad.susx.ac.uk\ITS\Applications\Informatics\Netbeans-7.1\enterprise\modules\ext\struts\commons-chain-1.2.jar;\\ad.susx.ac.uk\ITS\Applications\Informatics\Netbeans-7.1\enterprise\modules\ext\struts\commons-digester-1.8.jar;\\ad.susx.ac.uk\ITS\Applications\Informatics\Netbeans-7.1\enterprise\modules\ext\struts\commons-fileupload-1.1.1.jar;\\ad.susx.ac.uk\ITS\Applications\Informatics\Netbeans-7.1\enterprise\modules\ext\struts\commons-io-1.1.jar;\\ad.susx.ac.uk\ITS\Applications\Informatics\Netbeans-7.1\enterprise\modules\ext\struts\commons-logging-1.0.4.jar;\\ad.susx.ac.uk\ITS\Applications\Informatics\Netbeans-7.1\enterprise\modules\ext\struts\commons-validator-1.3.1.jar;\\ad.susx.ac.uk\ITS\Applications\Informatics\Netbeans-7.1\enterprise\modules\ext\struts\jstl-1.0.2.jar;\\ad.susx.ac.uk\ITS\Applications\Informatics\Netbeans-7.1\enterprise\modules\ext\struts\oro-2.0.8.jar;\\ad.susx.ac.uk\ITS\Applications\Informatics\Netbeans-7.1\enterprise\modules\ext\struts\standard-1.0.6.jar;\\ad.susx.ac.uk\ITS\Applications\Informatics\Netbeans-7.1\enterprise\modules\ext\struts\struts-core-1.3.10.jar;\\ad.susx.ac.uk\ITS\Applications\Informatics\Netbeans-7.1\enterprise\modules\ext\struts\struts-el-1.3.10.jar;\\ad.susx.ac.uk\ITS\Applications\Informatics\Netbeans-7.1\enterprise\modules\ext\struts\struts-extras-1.3.10.jar;\\ad.susx.ac.uk\ITS\Applications\Informatics\Netbeans-7.1\enterprise\modules\ext\struts\struts-faces-1.3.10.jar;\\ad.susx.ac.uk\ITS\Applications\Informatics\Netbeans-7.1\enterprise\modules\ext\struts\struts-mailreader-dao-1.3.10.jar;\\ad.susx.ac.uk\ITS\Applications\Informatics\Netbeans-7.1\enterprise\modules\ext\struts\struts-scripting-1.3.10.jar;\\ad.susx.ac.uk\ITS\Applications\Informatics\Netbeans-7.1\enterprise\modules\ext\struts\struts-taglib-1.3.10.jar;\\ad.susx.ac.uk\ITS\Applications\Informatics\Netbeans-7.1\enterprise\modules\ext\struts\struts-tiles-1.3.10.jar" />
    <property name="ant.home" value="\\ad.susx.ac.uk\ITS\Applications\Informatics\Netbeans-7.1\java\ant" />
    <property name="libs.junit_4.src" value="\\ad.susx.ac.uk\ITS\Applications\Informatics\Netbeans-7.1\java\docs\junit-4.10-sources.jar" />
    <property name="libs.absolutelayout.maven-pom" value="" />
    <property name="ant.java.version" value="1.7" />
    <property name="java.library.path" value="\\ad.susx.ac.uk\its\Applications\Informatics\jdk1.7.0_03\jre\bin;C:\WINDOWS\Sun\Java\bin;C:\WINDOWS\system32;C:\WINDOWS;C:\Program Files\NVIDIA GPU Computing Toolkit\CUDA\v7.5\bin;C:\Program Files\NVIDIA GPU Computing Toolkit\CUDA\v7.5\libnvvp;C:\Program Files (x86)\Common Files\Intel\Shared Libraries\redist\ia32\mpirt;C:\Program Files (x86)\Common Files\Intel\Shared Libraries\redist\ia32\compiler;C:\Program Files (x86)\Common Files\Intel\Shared Files\cpp\bin\Intel64;C:\ProgramData\Oracle\Java\javapath;C:\WINDOWS\system32;C:\WINDOWS;C:\WINDOWS\System32\Wbem;C:\WINDOWS\System32\WindowsPowerShell\v1.0\;C:\WINDOWS\System32\WindowsPowerShell\v1.0\;C:\Program Files (x86)\Box\Box Edit\;C:\Program Files (x86)\Skype\Phone\;C:\Program Files\MATLAB\R2016a\runtime\win64;C:\Program Files\MATLAB\R2016a\bin;C:\Program Files (x86)\ESRIUK\ProductivitySuite\bin\;C:\Program Files\Microsoft SQL Server\120\Tools\Binn\;C:\Program Files\Mplus Demo\;C:\Program Files (x86)\Windows Kits\8.1\Windows Performance Toolkit\;C:\Program Files\Microsoft SQL Server\110\Tools\Binn\;C:\Program Files (x86)\Microsoft SDKs\TypeScript\1.0\;C:\Program Files\Common Files\Autodesk Shared\;C:\Program Files (x86)\NVIDIA Corporation\PhysX\Common;C:\Program Files (x86)\Kaspersky Lab\Kaspersky Endpoint Security 10 for Windows SP1\;C:\Program Files\Instant Reality\bin\;C:\strawberry\c\bin;C:\strawberry\perl\site\bin;C:\strawberry\perl\bin;C:\Program Files\TortoiseSVN\bin;c:\Program Files\Subversion;C:\Anaconda2;C:\Anaconda2\Scripts;C:\Anaconda2\Library\bin;C:\Program Files\SlikSvn\bin\;C:\Anaconda2;C:\Anaconda2\Scripts;C:\Anaconda2\Library\bin;;C:\Anaconda2\;C:\Anaconda2\\Scripts;C:\Anaconda2\\Library\bin;C:\Anaconda2;C:\Anaconda2\Scripts;C:\Anaconda2\Library\bin;C:\Anaconda2;C:\Anaconda2\Scripts;C:\Anaconda2\Library\bin;C:\Anaconda2;C:\Anaconda2\Scripts;C:\Anaconda2\Library\bin;C:\Anaconda2;C:\Anaconda2\Scripts;C:\Anaconda2\Library\bin;C:\Anaconda2;C:\Anaconda2\Scripts;C:\Anaconda2\Library\bin;C:\Anaconda2;C:\Anaconda2\Scripts;C:\Anaconda2\Library\bin;C:\Anaconda2;C:\Anaconda2\Scripts;C:\Anaconda2\Library\bin;C:\Anaconda2;C:\Anaconda2\Scripts;C:\Anaconda2\Library\bin;C:\Anaconda2;C:\Anaconda2\Scripts;C:\Anaconda2\Library\bin;C:\Anaconda2;C:\Anaconda2\Scripts;C:\Anaconda2\Library\bin;C:\Anaconda2;C:\Anaconda2\Scripts;C:\Anaconda2\Library\bin;C:\Anaconda2;C:\Anaconda2\Scripts;C:\Anaconda2\Library\bin;C:\Anaconda2;C:\Anaconda2\Scripts;C:\Anaconda2\Library\bin;C:\Anaconda2;C:\Anaconda2\Scripts;C:\Anaconda2\Library\bin;C:\Anaconda2;C:\Anaconda2\Scripts;C:\Anaconda2\Library\bin;C:\Anaconda2;C:\Anaconda2\Scripts;C:\Anaconda2\Library\bin;C:\Anaconda2;C:\Anaconda2\Scripts;C:\Anaconda2\Library\bin;C:\Anaconda2;C:\Anaconda2\Scripts;C:\Anaconda2\Library\bin;C:\Anaconda2;C:\Anaconda2\Scripts;C:\Anaconda2\Library\bin;C:\Anaconda2;C:\Anaconda2\Scripts;C:\Anaconda2\Library\bin;C:\Anaconda2;C:\Anaconda2\Scripts;C:\Anaconda2\Library\bin;C:\Anaconda2;C:\Anaconda2\Scripts;C:\Anaconda2\Library\bin;C:\Anaconda2;C:\Anaconda2\Scripts;C:\Anaconda2\Library\bin;C:\Anaconda2;C:\Anaconda2\Scripts;C:\Anaconda2\Library\bin;C:\Anaconda2;C:\Anaconda2\Scripts;C:\Anaconda2\Library\bin;C:\Anaconda2;C:\Anaconda2\Scripts;C:\Anaconda2\Library\bin;C:\Anaconda2;C:\Anaconda2\Scripts;C:\Anaconda2\Library\bin;C:\Anaconda2;C:\Anaconda2\Scripts;C:\Anaconda2\Library\bin;C:\Anaconda2;C:\Anaconda2\Scripts;C:\Anaconda2\Library\bin;C:\Anaconda2;C:\Anaconda2\Scripts;C:\Anaconda2\Library\bin;C:\Anaconda2;C:\Anaconda2\Scripts;C:\Anaconda2\Library\bin;C:\Anaconda2;C:\Anaconda2\Scripts;C:\Anaconda2\Library\bin;C:\Anaconda2;C:\Anaconda2\Scripts;C:\Anaconda2\Library\bin;C:\Anaconda2;C:\Anaconda2\Scripts;C:\Anaconda2\Library\bin;C:\Anaconda2;C:\Anaconda2\Scripts;C:\Anaconda2\Library\bin;C:\Anaconda2;C:\Anaconda2\Scripts;C:\Anaconda2\Library\bin;C:\Anaconda2;C:\Anaconda2\Scripts;C:\Anaconda2\Library\bin;C:\Anaconda2;C:\Anaconda2\Scripts;C:\Anaconda2\Library\bin;C:\Anaconda2;C:\Anaconda2\Scripts;C:\Anaconda2\Library\bin;C:\Anaconda2;C:\Anaconda2\Scripts;C:\Anaconda2\Library\bin;C:\Anaconda2;C:\Anaconda2\Scripts;C:\Anaconda2\Library\bin;C:\Anaconda2;C:\Anaconda2\Scripts;C:\Anaconda2\Library\bin;C:\Anaconda2;C:\Anaconda2\Scripts;C:\Anaconda2\Libr;C:\Users\sdm29\AppData\Local\Enthought\Canopy\User;C:\Users\sdm29\AppData\Local\Enthought\Canopy\User\Scripts;." />
    <property name="javadoc.author" value="false" />
    <property name="libs.metro.maven-pom" value="" />
    <property name="java.util.logging.config.class" value="org.netbeans.core.startup.TopLogging" />
    <property name="libs.PostgreSQLDriver.src" value="" />
    <property name="sun.arch.data.model" value="64" />
    <property name="basedir" value="N:\Desktop\GitHub\Checkers" />
    <property name="jar.compress" value="false" />
    <property name="libs.NetBeans MIDP Components PDA.src" value="\\ad.susx.ac.uk\ITS\Applications\Informatics\Netbeans-7.1\mobility\sources\netbeans_midp_components_pda-src.zip" />
    <property name="libs.jstl11.classpath" value="\\ad.susx.ac.uk\ITS\Applications\Informatics\Netbeans-7.1\enterprise\modules\ext\standard.jar;\\ad.susx.ac.uk\ITS\Applications\Informatics\Netbeans-7.1\enterprise\modules\ext\jstl.jar" />
    <property name="path.separator" value=";" />
    <property name="libs.javaee-web-api-6.0.javadoc" value="\\ad.susx.ac.uk\ITS\Applications\Informatics\Netbeans-7.1\enterprise\docs\javaee6-doc-api.zip" />
    <property name="ant.junit.enabletestlistenerevents" value="true" />
    <property name="sun.io.unicode.encoding" value="UnicodeLittle" />
    <property name="libs.semc-ant-utils.javadoc" value="" />
    <property name="libs.jaxws21.classpath" value="\\ad.susx.ac.uk\ITS\Applications\Informatics\Netbeans-7.1\ide\modules\ext\jaxb\jaxb-impl.jar;\\ad.susx.ac.uk\ITS\Applications\Informatics\Netbeans-7.1\ide\modules\ext\jaxb\jaxb-xjc.jar;\\ad.susx.ac.uk\ITS\Applications\Informatics\Netbeans-7.1\java\modules\ext\jaxws22\FastInfoset.jar;\\ad.susx.ac.uk\ITS\Applications\Informatics\Netbeans-7.1\java\modules\ext\jaxws22\gmbal-api-only.jar;\\ad.susx.ac.uk\ITS\Applications\Informatics\Netbeans-7.1\java\modules\ext\jaxws22\http.jar;\\ad.susx.ac.uk\ITS\Applications\Informatics\Netbeans-7.1\java\modules\ext\jaxws22\jaxws-rt.jar;\\ad.susx.ac.uk\ITS\Applications\Informatics\Netbeans-7.1\java\modules\ext\jaxws22\jaxws-tools.jar;\\ad.susx.ac.uk\ITS\Applications\Informatics\Netbeans-7.1\java\modules\ext\jaxws22\management-api.jar;\\ad.susx.ac.uk\ITS\Applications\Informatics\Netbeans-7.1\java\modules\ext\jaxws22\mimepull.jar;\\ad.susx.ac.uk\ITS\Applications\Informatics\Netbeans-7.1\java\modules\ext\jaxws22\policy.jar;\\ad.susx.ac.uk\ITS\Applications\Informatics\Netbeans-7.1\java\modules\ext\jaxws22\saaj-impl.jar;\\ad.susx.ac.uk\ITS\Applications\Informatics\Netbeans-7.1\java\modules\ext\jaxws22\stax-ex.jar;\\ad.susx.ac.uk\ITS\Applications\Informatics\Netbeans-7.1\java\modules\ext\jaxws22\streambuffer.jar;\\ad.susx.ac.uk\ITS\Applications\Informatics\Netbeans-7.1\java\modules\ext\jaxws22\woodstox.jar;\\ad.susx.ac.uk\ITS\Applications\Informatics\Netbeans-7.1\java\modules\ext\jaxws22\api\jaxws-api.jar;\\ad.susx.ac.uk\ITS\Applications\Informatics\Netbeans-7.1\java\modules\ext\jaxws22\api\jsr181-api.jar;\\ad.susx.ac.uk\ITS\Applications\Informatics\Netbeans-7.1\java\modules\ext\jaxws22\api\jsr250-api.jar;\\ad.susx.ac.uk\ITS\Applications\Informatics\Netbeans-7.1\java\modules\ext\jaxws22\api\saaj-api.jar;\\ad.susx.ac.uk\ITS\Applications\Informatics\Netbeans-7.1\ide\modules\ext\jaxb\activation.jar;\\ad.susx.ac.uk\ITS\Applications\Informatics\Netbeans-7.1\ide\modules\ext\jaxb\api\jaxb-api.jar;\\ad.susx.ac.uk\ITS\Applications\Informatics\Netbeans-7.1\ide\modules\ext\jaxb\api\jsr173_api.jar" />
    <property name="libs.struts.src" value="" />
    <property name="compile.on.save" value="true" />
    <property name="apple.awt.graphics.UseQuartz" value="true" />
    <property name="user.language" value="en" />
    <property name="testng.mode" value="testng" />
    <property name="libs.JAXB-ENDORSED.maven-pom" value="" />
    <property name="libs.spring-framework.classpath" value="\\ad.susx.ac.uk\ITS\Applications\Informatics\Netbeans-7.1\ide\modules\org-apache-commons-logging.jar;\\ad.susx.ac.uk\ITS\Applications\Informatics\Netbeans-7.1\java\modules\ext\cglib-2.2.jar;\\ad.susx.ac.uk\ITS\Applications\Informatics\Netbeans-7.1\java\modules\ext\spring\spring-2.5.6.SEC03.jar" />
    <property name="libs.eclipselink.maven-pom" value="" />
    <property name="test.binaryincludes" value="&lt;nothing&gt;" />
    <property name="manifest.available" value="true" />
    <property name="libs.primefaces.javadoc" value="" />
    <property name="libs.spring-framework300.maven-pom" value="" />
    <property name="run.test.classpath" value=":build/classes:\\ad.susx.ac.uk\ITS\Applications\Informatics\Netbeans-7.1\platform\modules\ext\junit-4.10.jar:build/test/classes" />
    <property name="ant.project.invoked-targets" value="test" />
    <property name="test.binaryexcludes" value="" />
    <property name="libs.swing-layout.javadoc" value="\\ad.susx.ac.uk\ITS\Applications\Informatics\Netbeans-7.1\platform\docs\swing-layout-1.0.4-doc.zip" />
    <property name="libs.ejb3-persistence.maven-pom" value="" />
    <property name="libs.DataBindingME-SVG.classpath" value="\\ad.susx.ac.uk\ITS\Applications\Informatics\Netbeans-7.1\mobility\modules\ext\netbeans_databindingme_svg.jar" />
    <property name="libs.PostgreSQLDriver.maven-pom" value="" />
    <property name="java.class.version" value="51.0" />
    <property name="libs.javaee-endorsed-api-6.0.src" value="" />
    <property name="libs.cdc-ant-utils.classpath" value="\\ad.susx.ac.uk\ITS\Applications\Informatics\Netbeans-7.1\mobility\modules\ext\org-netbeans-modules-j2me-cdc-project.jar" />
    <property name="netbeans.system_http_proxy" value="DIRECT" />
    <property name="libs.eclipselink.javadoc" value="" />
    <property name="libs.NetBeans MIDP Components WMA.maven-pom" value="" />
    <property name="libs.jsp-compilation.maven-pom" value="" />
    <property name="user.properties.file" value="N:\.netbeans\7.1\build.properties" />
    <property name="ant.file.type.Checkers" value="file" />
    <property name="runtime.encoding" value="UTF-8" />
    <property name="libs.spring-framework.src" value="" />
    <property name="libs.javac-api.maven-pom" value="" />
    <property name="ant.file.Checkers" value="N:\Desktop\GitHub\Checkers\build.xml" />
    <property name="file.encoding.pkg" value="sun.io" />
    <property name="sun.cpu.endian" value="little" />
    <property name="libs.JAXB-ENDORSED.javadoc" value="" />
    <property name="libs.JWSAntTasks.classpath" value="\\ad.susx.ac.uk\ITS\Applications\Informatics\Netbeans-7.1\java\ant\extra\org-netbeans-modules-javawebstart-anttasks.jar" />
    <property name="libs.spring-framework300.src" value="" />
    <property name="libs.ant-contrib.classpath" value="\\ad.susx.ac.uk\ITS\Applications\Informatics\Netbeans-7.1\mobility\modules\ext\ant-contrib-1.0b3.jar" />
    <property name="empty.dir" value="N:\Desktop\GitHub\Checkers\build\empty" />
    <property name="version-output" value="java version &quot;1.7" />
    <property name="test.binarytestincludes" value="" />
    <property name="javadoc.preview" value="true" />
    <property name="java.home" value="\\ad.susx.ac.uk\its\Applications\Informatics\jdk1.7.0_03\jre" />
    <property name="libs.ojec-ant-utils.javadoc" value="" />
    <property name="libs.jsp-compilation.src" value="" />
    <property name="libs.spring-webmvc.src" value="" />
    <property name="libs.ant-contrib.javadoc" value="" />
    <property name="debug.test.classpath" value=":build/classes:\\ad.susx.ac.uk\ITS\Applications\Informatics\Netbeans-7.1\platform\modules\ext\junit-4.10.jar:build/test/classes" />
    <property name="libs.javaee-endorsed-api-6.0.classpath" value="\\ad.susx.ac.uk\ITS\Applications\Informatics\Netbeans-7.1\enterprise\modules\ext\javaee6-endorsed\javax.annotation.jar;\\ad.susx.ac.uk\ITS\Applications\Informatics\Netbeans-7.1\enterprise\modules\ext\javaee6-endorsed\jaxb-api-osgi.jar;\\ad.susx.ac.uk\ITS\Applications\Informatics\Netbeans-7.1\enterprise\modules\ext\javaee6-endorsed\webservices-api-osgi.jar" />
    <property name="libs.javaee-api-6.0.src" value="" />
    <property name="netbeans.importclass" value="org.netbeans.upgrade.AutoUpgrade" />
    <property name="ant.project.default-target" value="default" />
    <property name="annotation.processing.run.all.processors" value="true" />
    <property name="libs.savaje-ant-utils.classpath" value="\\ad.susx.ac.uk\ITS\Applications\Informatics\Netbeans-7.1\mobility\modules\ext\org-netbeans-modules-j2me-cdc-project-savaje.jar" />
    <property name="libs.toplink.maven-pom" value="" />
    <property name="libs.DataBindingME.maven-pom" value="" />
    <property name="libs.PostgreSQLDriver.javadoc" value="" />
    <property name="libs.restlib.classpath" value="\\ad.susx.ac.uk\ITS\Applications\Informatics\Netbeans-7.1\enterprise\modules\ext\rest\asm-3.1.jar;\\ad.susx.ac.uk\ITS\Applications\Informatics\Netbeans-7.1\enterprise\modules\ext\rest\jackson-core-asl-1.7.1.jar;\\ad.susx.ac.uk\ITS\Applications\Informatics\Netbeans-7.1\enterprise\modules\ext\rest\jackson-jaxrs-1.7.1.jar;\\ad.susx.ac.uk\ITS\Applications\Informatics\Netbeans-7.1\enterprise\modules\ext\rest\jackson-mapper-asl-1.7.1.jar;\\ad.susx.ac.uk\ITS\Applications\Informatics\Netbeans-7.1\enterprise\modules\ext\rest\jackson-xc-1.7.1.jar;\\ad.susx.ac.uk\ITS\Applications\Informatics\Netbeans-7.1\enterprise\modules\ext\rest\jersey-apache-client-1.8.jar;\\ad.susx.ac.uk\ITS\Applications\Informatics\Netbeans-7.1\enterprise\modules\ext\rest\jersey-atom-abdera-1.8.jar;\\ad.susx.ac.uk\ITS\Applications\Informatics\Netbeans-7.1\enterprise\modules\ext\rest\jersey-client-1.8.jar;\\ad.susx.ac.uk\ITS\Applications\Informatics\Netbeans-7.1\enterprise\modules\ext\rest\jersey-core-1.8.jar;\\ad.susx.ac.uk\ITS\Applications\Informatics\Netbeans-7.1\enterprise\modules\ext\rest\jersey-guice-1.8.jar;\\ad.susx.ac.uk\ITS\Applications\Informatics\Netbeans-7.1\enterprise\modules\ext\rest\jersey-json-1.8.jar;\\ad.susx.ac.uk\ITS\Applications\Informatics\Netbeans-7.1\enterprise\modules\ext\rest\jersey-multipart-1.8.jar;\\ad.susx.ac.uk\ITS\Applications\Informatics\Netbeans-7.1\enterprise\modules\ext\rest\jersey-server-1.8.jar;\\ad.susx.ac.uk\ITS\Applications\Informatics\Netbeans-7.1\enterprise\modules\ext\rest\jersey-simple-server-1.8.jar;\\ad.susx.ac.uk\ITS\Applications\Informatics\Netbeans-7.1\enterprise\modules\ext\rest\jersey-spring-1.8.jar;\\ad.susx.ac.uk\ITS\Applications\Informatics\Netbeans-7.1\enterprise\modules\ext\rest\jettison-1.1.jar;\\ad.susx.ac.uk\ITS\Applications\Informatics\Netbeans-7.1\enterprise\modules\ext\rest\oauth-client-1.8.jar;\\ad.susx.ac.uk\ITS\Applications\Informatics\Netbeans-7.1\enterprise\modules\ext\rest\oauth-server-1.8.jar;\\ad.susx.ac.uk\ITS\Applications\Informatics\Netbeans-7.1\enterprise\modules\ext\rest\oauth-signature-1.8.jar;\\ad.susx.ac.uk\ITS\Applications\Informatics\Netbeans-7.1\ide\modules\ext\jaxb\activation.jar;\\ad.susx.ac.uk\ITS\Applications\Informatics\Netbeans-7.1\ide\modules\ext\jaxb\api\jaxb-api.jar;\\ad.susx.ac.uk\ITS\Applications\Informatics\Netbeans-7.1\ide\modules\ext\jaxb\api\jsr173_api.jar" />
    <property name="libs.JMUnit4CLDC11.javadoc" value="\\ad.susx.ac.uk\ITS\Applications\Informatics\Netbeans-7.1\mobility\modules\docs\jmunit-1.2.1-api.zip" />
    <property name="libs.MySQLDriver.maven-pom" value="" />
    <property name="libs.savaje-ant-utils.src" value="" />
    <property name="libs.junit_4.javadoc" value="\\ad.susx.ac.uk\ITS\Applications\Informatics\Netbeans-7.1\java\docs\junit-4.10-javadoc.jar" />
    <property name="libs.spring-webmvc.javadoc" value="" />
    <property name="libs.toplink.src" value="" />
    <property name="libs.javaee-web-api-6.0.maven-pom" value="" />
    <property name="libs.cdc-pp-awt-layout.classpath" value="\\ad.susx.ac.uk\ITS\Applications\Informatics\Netbeans-7.1\mobility\modules\ext\cdc-pp-awt-layout.jar" />
    <property name="libs.cdc-agui-swing-layout.src" value="\\ad.susx.ac.uk\ITS\Applications\Informatics\Netbeans-7.1\mobility\sources\cdc-agui-swing-layout-src.zip" />
    <property name="run.classpath" value=":build/classes" />
    <property name="libs.hibernate-support.src" value="" />
    <property name="libs.javaee-endorsed-api-6.0.javadoc" value="\\ad.susx.ac.uk\ITS\Applications\Informatics\Netbeans-7.1\enterprise\docs\javaee6-doc-api.zip" />
    <property name="libs.JMUnit4CLDC11.classpath" value="\\ad.susx.ac.uk\ITS\Applications\Informatics\Netbeans-7.1\mobility\modules\ext\jmunit4cldc11-1.2.1.jar" />
    <property name="libs.nb_svg_midp_components.classpath" value="\\ad.susx.ac.uk\ITS\Applications\Informatics\Netbeans-7.1\mobility\modules\ext\nb_svg_midp_components.jar" />
    <property name="libs.spring-webmvc3.0.javadoc" value="" />
    <property name="annotation.processing.enabled.in.editor" value="false" />
    <property name="libs.NetBeans MIDP Components PDA.classpath" value="\\ad.susx.ac.uk\ITS\Applications\Informatics\Netbeans-7.1\mobility\modules\ext\netbeans_midp_components_pda.jar" />
    <property name="libs.semc-ant-utils.maven-pom" value="" />
    <property name="libs.nokiadeployment.maven-pom" value="" />
    <property name="libs.restapi.src" value="" />
    <property name="libs.NetBeans MIDP Components.javadoc" value="\\ad.susx.ac.uk\ITS\Applications\Informatics\Netbeans-7.1\mobility\modules\docs\netbeans_midp_components_basic-api.zip" />
    <property name="sun.management.compiler" value="HotSpot 64-Bit Tiered Compilers" />
    <property name="javac.deprecation" value="false" />
    <property name="javadoc.use" value="true" />
    <property name="sun.java2d.noddraw" value="true" />
    <property name="libs.jsp-compiler.classpath" value="\\ad.susx.ac.uk\ITS\Applications\Informatics\Netbeans-7.1\enterprise\ant\extra\jspcompile.jar" />
    <property name="javac.processorpath" value="" />
    <property name="libs.spring-webmvc.classpath" value="\\ad.susx.ac.uk\ITS\Applications\Informatics\Netbeans-7.1\enterprise\modules\ext\spring\spring-webmvc-2.5.6.SEC01.jar" />
    <property name="javac.compilerargs" value="" />
    <property name="ant.file" value="N:\Desktop\GitHub\Checkers\build.xml" />
    <property name="libs.beans-binding.maven-pom" value="" />
    <property name="libs.jsf12.classpath" value="\\ad.susx.ac.uk\ITS\Applications\Informatics\Netbeans-7.1\enterprise\modules\ext\jsf-1_2\commons-beanutils.jar;\\ad.susx.ac.uk\ITS\Applications\Informatics\Netbeans-7.1\enterprise\modules\ext\jsf-1_2\commons-collections.jar;\\ad.susx.ac.uk\ITS\Applications\Informatics\Netbeans-7.1\enterprise\modules\ext\jsf-1_2\commons-digester.jar;\\ad.susx.ac.uk\ITS\Applications\Informatics\Netbeans-7.1\enterprise\modules\ext\jsf-1_2\commons-logging.jar;\\ad.susx.ac.uk\ITS\Applications\Informatics\Netbeans-7.1\enterprise\modules\ext\jsf-1_2\jsf-api.jar;\\ad.susx.ac.uk\ITS\Applications\Informatics\Netbeans-7.1\enterprise\modules\ext\jsf-1_2\jsf-impl.jar" />
    <property name="libs.restapi.maven-pom" value="" />
    <property name="libs.beans-binding.src" value="" />
    <property name="libs.NetBeans MIDP Components PDA.javadoc" value="\\ad.susx.ac.uk\ITS\Applications\Informatics\Netbeans-7.1\mobility\modules\docs\netbeans_midp_components_pda-api.zip" />
    <property name="java.vm.specification.vendor" value="Oracle Corporation" />
    <property name="libs.DataBindingME-PIM.javadoc" value="\\ad.susx.ac.uk\ITS\Applications\Informatics\Netbeans-7.1\mobility\modules\docs\netbeans_databindingme_pim-api.zip" />
    <property name="libs.swing-layout.src" value="\\ad.susx.ac.uk\ITS\Applications\Informatics\Netbeans-7.1\platform\docs\swing-layout-1.0.4-src.zip" />
    <property name="libs.j2me_ant_ext.src" value="" />
    <property name="org.openide.major.version" value="IDE/1" />
    <property name="java.vm.name" value="Java HotSpot(TM) 64-Bit Server VM" />
    <property name="netbeans.user" value="N:\.netbeans\7.1" />
    <property name="javadoc.additionalparam" value="" />
    <property name="java.io.tmpdir" value="C:\Users\sdm29\AppData\Local\Temp\" />
    <property name="java.vendor.url" value="http://java.oracle.com/" />
    <property name="endorsed.classpath.cmd.line.arg" value="" />
    <property name="junit.available" value="true" />
    <property name="libs.jsp-compiler.src" value="" />
    <property name="sun.boot.library.path" value="\\ad.susx.ac.uk\its\Applications\Informatics\jdk1.7.0_03\jre\bin" />
    <property name="have.sources" value="true" />
    <property name="debug.classpath" value=":build/classes" />
    <property name="javadoc.private" value="false" />
    <property name="test.src.dir" value="test" />
    <property name="libs.jsf20.classpath" value="\\ad.susx.ac.uk\ITS\Applications\Informatics\Netbeans-7.1\enterprise\modules\ext\jsf-2_1\jsf-api.jar;\\ad.susx.ac.uk\ITS\Applications\Informatics\Netbeans-7.1\enterprise\modules\ext\jsf-2_1\jsf-impl.jar" />
    <property name="ap.processors.internal" value="" />
    <property name="meta.inf.dir" value="src/META-INF" />
    <property name="javadoc.encoding.used" value="UTF-8" />
    <property name="libs.DataBindingME-SVG.src" value="\\ad.susx.ac.uk\ITS\Applications\Informatics\Netbeans-7.1\mobility\sources\netbeans_databindingme_svg-src.zip" />
    <property name="dist.jar" value="dist/Checkers.jar" />
    <property name="netbeans.automatic.build" value="true" />
    <property name="java.runtime.name" value="Java(TM) SE Runtime Environment" />
    <property name="ant.project.name" value="Checkers" />
    <property name="netbeans.hash.code" value="unique=01cb2c948-1e6d-408e-adbc-8df3f6e7a8b1_662e78fa-dd09-4985-b162-3da9d2fef5a6" />
    <property name="libs.jsp-compilation-syscp.maven-pom" value="" />
    <property name="libs.j2me_ant_ext.maven-pom" value="" />
    <property name="sun.cpu.isalist" value="amd64" />
    <property name="libs.CopyLibs.javadoc" value="" />
    <property name="org.openide.specification.version" value="6.2" />
    <property name="libs.DataBindingME-PIM.classpath" value="\\ad.susx.ac.uk\ITS\Applications\Informatics\Netbeans-7.1\mobility\modules\ext\netbeans_databindingme_pim.jar" />
    <property name="libs.hibernate-support.classpath" value="\\ad.susx.ac.uk\ITS\Applications\Informatics\Netbeans-7.1\java\modules\ext\hibernate\antlr-2.7.6.jar;\\ad.susx.ac.uk\ITS\Applications\Informatics\Netbeans-7.1\java\modules\ext\hibernate\asm.jar;\\ad.susx.ac.uk\ITS\Applications\Informatics\Netbeans-7.1\java\modules\ext\hibernate\asm-attrs.jar;\\ad.susx.ac.uk\ITS\Applications\Informatics\Netbeans-7.1\java\modules\ext\hibernate\cglib-2.1.3.jar;\\ad.susx.ac.uk\ITS\Applications\Informatics\Netbeans-7.1\java\modules\ext\hibernate\commons-collections-2.1.1.jar;\\ad.susx.ac.uk\ITS\Applications\Informatics\Netbeans-7.1\ide\modules\org-apache-commons-logging.jar;\\ad.susx.ac.uk\ITS\Applications\Informatics\Netbeans-7.1\java\modules\ext\hibernate\dom4j-1.6.1.jar;\\ad.susx.ac.uk\ITS\Applications\Informatics\Netbeans-7.1\java\modules\ext\hibernate\ehcache-1.2.3.jar;\\ad.susx.ac.uk\ITS\Applications\Informatics\Netbeans-7.1\java\modules\ext\hibernate\jdbc2_0-stdext.jar;\\ad.susx.ac.uk\ITS\Applications\Informatics\Netbeans-7.1\java\modules\ext\hibernate\jta.jar;\\ad.susx.ac.uk\ITS\Applications\Informatics\Netbeans-7.1\java\modules\ext\hibernate\hibernate3.jar;\\ad.susx.ac.uk\ITS\Applications\Informatics\Netbeans-7.1\java\modules\ext\hibernate\hibernate-tools.jar;\\ad.susx.ac.uk\ITS\Applications\Informatics\Netbeans-7.1\java\modules\ext\hibernate\hibernate-annotations.jar;\\ad.susx.ac.uk\ITS\Applications\Informatics\Netbeans-7.1\java\modules\ext\hibernate\hibernate-commons-annotations.jar;\\ad.susx.ac.uk\ITS\Applications\Informatics\Netbeans-7.1\java\modules\ext\hibernate\hibernate-entitymanager.jar;\\ad.susx.ac.uk\ITS\Applications\Informatics\Netbeans-7.1\java\modules\ext\hibernate\javassist.jar" />
    <property name="user.home" value="\\smbhome.uscs.susx.ac.uk\sdm29" />
    <property name="annotation.processing.processors.list" value="" />
    <property name="libs.primefaces.maven-pom" value="" />
    <property name="debug-args-line" value="-Xdebug" />
    <property name="libs.NetBeans MIDP Components.classpath" value="\\ad.susx.ac.uk\ITS\Applications\Informatics\Netbeans-7.1\mobility\modules\ext\netbeans_midp_components_basic.jar" />
    <property name="libs.javaee-api-6.0.maven-pom" value="" />
    <property name="libs.JWSAntTasks.src" value="" />
    <property name="jar.index" value="false" />
    <property name="libs.CopyLibs.maven-pom" value="" />
    <property name="libs.spring-framework300.javadoc" value="" />
    <property name="libs.hibernate-persistence.maven-pom" value="" />
    <property name="libs.absolutelayout.javadoc" value="" />
    <property name="java.specification.name" value="Java Platform API Specification" />
    <property name="libs.NetBeans MIDP Components WMA.classpath" value="\\ad.susx.ac.uk\ITS\Applications\Informatics\Netbeans-7.1\mobility\modules\ext\netbeans_midp_components_wma.jar" />
    <property name="libs.jakarta_slide_ant_webdav.maven-pom" value="" />
    <property name="do.archive+main.class.available" value="true" />
    <property name="libs.sjmc-ant-utils.src" value="" />
    <property name="ant.file.type.Checkers-impl" value="file" />
    <property name="java.specification.vendor" value="Oracle Corporation" />
    <property name="libs.cdc-agui-swing-layout.javadoc" value="" />
    <property name="libs.javac-api.classpath" value="\\ad.susx.ac.uk\ITS\Applications\Informatics\Netbeans-7.1\java\modules\ext\javac-api-nb-7.0-b07.jar" />
    <property name="libs.nokiaS80-ant-utils.classpath" value="\\ad.susx.ac.uk\ITS\Applications\Informatics\Netbeans-7.1\mobility\modules\ext\org-netbeans-modules-j2me-cdc-project-nokiaS80.jar" />
    <property name="java.version" value="1.7.0_03" />
    <property name="javadoc.version" value="false" />
    <property name="run.jvmargs.ide" value="" />
    <property name="libs.NetBeans MIDP Components WMA.javadoc" value="\\ad.susx.ac.uk\ITS\Applications\Informatics\Netbeans-7.1\mobility\modules\docs\netbeans_midp_components_wma-api.zip" />
    <property name="libs.MySQLDriver.javadoc" value="" />
    <property name="org.openide.version" value="deprecated" />
    <property name="source.encoding" value="UTF-8" />
    <property name="platform.java" value="\\ad.susx.ac.uk\its\Applications\Informatics\jdk1.7.0_03\jre/bin/java" />
    <property name="ap.cmd.line.internal" value="" />
    <property name="libs.eclipselinkmodelgen.maven-pom" value="" />
    <property name="libs.jsp-compilation-syscp.javadoc" value="" />
    <property name="libs.junit.maven-pom" value="" />
    <property name="libs.eclipselinkmodelgen.javadoc" value="" />
    <property name="libs.metro.javadoc" value="\\ad.susx.ac.uk\ITS\Applications\Informatics\Netbeans-7.1\enterprise\docs\metro-1.4-doc.zip" />
    <property name="libs.struts.maven-pom" value="" />
    <property name="netbeans.home+have.tests" value="true" />
    <property name="annotation.processing.processor.options" value="" />
    <property name="libs.jaxb.src" value="" />
    <property name="libs.cdc-ant-utils.src" value="" />
    <property name="work.dir" value="N:\Desktop\GitHub\Checkers" />
    <property name="libs.jaxb.classpath" value="\\ad.susx.ac.uk\ITS\Applications\Informatics\Netbeans-7.1\ide\modules\ext\jaxb\jaxb-impl.jar;\\ad.susx.ac.uk\ITS\Applications\Informatics\Netbeans-7.1\ide\modules\ext\jaxb\jaxb-xjc.jar;\\ad.susx.ac.uk\ITS\Applications\Informatics\Netbeans-7.1\ide\modules\ext\jaxb\jaxb1-impl.jar;\\ad.susx.ac.uk\ITS\Applications\Informatics\Netbeans-7.1\ide\modules\ext\jaxb\activation.jar;\\ad.susx.ac.uk\ITS\Applications\Informatics\Netbeans-7.1\ide\modules\ext\jaxb\api\jaxb-api.jar;\\ad.susx.ac.uk\ITS\Applications\Informatics\Netbeans-7.1\ide\modules\ext\jaxb\api\jsr173_api.jar" />
    <property name="do.depend" value="false" />
    <property name="dist.javadoc.dir" value="dist/javadoc" />
    <property name="libs.spring-webmvc3.0.classpath" value="\\ad.susx.ac.uk\ITS\Applications\Informatics\Netbeans-7.1\java\modules\ext\spring-3.0\spring-webmvc-3.0.6.RELEASE.jar" />
    <property name="libs.swing-layout.classpath" value="\\ad.susx.ac.uk\ITS\Applications\Informatics\Netbeans-7.1\platform\modules\ext\swing-layout-1.0.4.jar" />
    <property name="libs.restlib.src" value="" />
    <property name="javac.source" value="1.7" />
    <property name="build.generated.dir" value="build/generated" />
    <property name="line.separator" value="&#xd;&#xa;" />
    <property name="libs.hibernate-persistence.src" value="" />
    <property name="libs.nb_svg_midp_components.javadoc" value="\\ad.susx.ac.uk\ITS\Applications\Informatics\Netbeans-7.1\mobility\modules\docs\nb_svg_midp_components-api.zip" />
    <property name="java.specification.version" value="1.7" />
    <property name="java.vm.info" value="mixed mode" />
    <property name="libs.jaxws21.maven-pom" value="" />
    <property name="libs.cdc-ant-utils.javadoc" value="" />
    <property name="nb.junit.batch" value="true" />
    <property name="junit.forkmode" value="perTest" />
    <property name="user.country.format" value="GB" />
    <property name="libs.ojec-ant-utils.classpath" value="\\ad.susx.ac.uk\ITS\Applications\Informatics\Netbeans-7.1\mobility\modules\ext\org-netbeans-modules-j2me-cdc-project-ojec.jar" />
    <property name="libs.spring-framework.maven-pom" value="" />
    <property name="sun.boot.class.path" value="\\ad.susx.ac.uk\its\Applications\Informatics\jdk1.7.0_03\jre\lib\resources.jar;\\ad.susx.ac.uk\its\Applications\Informatics\jdk1.7.0_03\jre\lib\rt.jar;\\ad.susx.ac.uk\its\Applications\Informatics\jdk1.7.0_03\jre\lib\sunrsasign.jar;\\ad.susx.ac.uk\its\Applications\Informatics\jdk1.7.0_03\jre\lib\jsse.jar;\\ad.susx.ac.uk\its\Applications\Informatics\jdk1.7.0_03\jre\lib\jce.jar;\\ad.susx.ac.uk\its\Applications\Informatics\jdk1.7.0_03\jre\lib\charsets.jar;\\ad.susx.ac.uk\its\Applications\Informatics\jdk1.7.0_03\jre\classes" />
    <property name="javac.target" value="1.7" />
    <property name="built-jar.properties" value="N:\Desktop\GitHub\Checkers\build\built-jar.properties" />
    <property name="build.test.classes.dir" value="build/test/classes" />
    <property name="src.dir" value="src" />
    <property name="annotation.processing.enabled" value="true" />
    <property name="sun.awt.keepWorkingSetOnMinimize" value="true" />
    <property name="libs.jsf20.src" value="" />
    <property name="libs.jsf12.src" value="" />
    <property name="libs.DataBindingME-SVG.maven-pom" value="" />
    <property name="libs.nokiadeployment.src" value="" />
    <property name="libs.savaje-ant-utils.javadoc" value="" />
    <property name="libs.struts.javadoc" value="\\ad.susx.ac.uk\ITS\Applications\Informatics\Netbeans-7.1\enterprise\docs\struts-1.3.10-javadoc.zip" />
    <property name="ignore.failing.tests" value="true" />
    <property name="libs.cdc-ant-utils.maven-pom" value="" />
    <property name="libs.primefaces.src" value="" />
    <property name="libs.cdc-agui-swing-layout.classpath" value="\\ad.susx.ac.uk\ITS\Applications\Informatics\Netbeans-7.1\mobility\modules\ext\cdc-agui-swing-layout.jar" />
    <property name="dist.dir" value="dist" />
    <property name="libs.groovy-all.javadoc" value="" />
    <property name="testng.debug.mode" value="" />
    <property name="libs.groovy-all.classpath" value="\\ad.susx.ac.uk\ITS\Applications\Informatics\Netbeans-7.1\groovy\modules\ext\groovy-all.jar" />
    <property name="libs.sjmc-ant-utils.classpath" value="\\ad.susx.ac.uk\ITS\Applications\Informatics\Netbeans-7.1\mobility\modules\ext\org-netbeans-modules-j2me-cdc-project-sjmc.jar" />
    <property name="javac.fork" value="false" />
    <property name="libs.JMUnit4CLDC10.classpath" value="\\ad.susx.ac.uk\ITS\Applications\Informatics\Netbeans-7.1\mobility\modules\ext\jmunit4cldc10-1.2.1.jar" />
    <property name="java.awt.printerjob" value="sun.awt.windows.WPrinterJob" />
    <property name="default.javac.source" value="1.7" />
    <property name="debug-transport-by-os" value="dt_shmem" />
    <property name="sun.jnu.encoding" value="Cp1252" />
    <property name="libs.MySQLDriver.src" value="" />
    <property name="libs.ant-contrib.maven-pom" value="" />
    <property name="libs.nokiadeployment.javadoc" value="" />
    <property name="build.test.results.dir" value="build/test/results" />
    <property name="java.runtime.version" value="1.7.0_03-b05" />
    <property name="libs.ejb3-persistence.javadoc" value="" />
    <property name="libs.NetBeans MIDP Components.src" value="\\ad.susx.ac.uk\ITS\Applications\Informatics\Netbeans-7.1\mobility\sources\netbeans_midp_components_basic-src.zip" />
    <property name="libs.sjmc-ant-utils.javadoc" value="" />
    <property name="default.javac.target" value="1.7" />
    <property name="libs.junit_4.classpath" value="\\ad.susx.ac.uk\ITS\Applications\Informatics\Netbeans-7.1\platform\modules\ext\junit-4.10.jar" />
    <property name="user.timezone" value="" />
    <property name="nb.junit.single" value="false" />
    <property name="libs.ant-contrib.src" value="" />
    <property name="libs.javaee-endorsed-api-6.0.maven-pom" value="" />
    <property name="netbeans.dirs" value="\\ad.susx.ac.uk\ITS\Applications\Informatics\Netbeans-7.1\nb;\\ad.susx.ac.uk\ITS\Applications\Informatics\Netbeans-7.1\ergonomics;\\ad.susx.ac.uk\ITS\Applications\Informatics\Netbeans-7.1\ide;\\ad.susx.ac.uk\ITS\Applications\Informatics\Netbeans-7.1\java;\\ad.susx.ac.uk\ITS\Applications\Informatics\Netbeans-7.1\apisupport;\\ad.susx.ac.uk\ITS\Applications\Informatics\Netbeans-7.1\webcommon;\\ad.susx.ac.uk\ITS\Applications\Informatics\Netbeans-7.1\websvccommon;\\ad.susx.ac.uk\ITS\Applications\Informatics\Netbeans-7.1\enterprise;\\ad.susx.ac.uk\ITS\Applications\Informatics\Netbeans-7.1\mobility;\\ad.susx.ac.uk\ITS\Applications\Informatics\Netbeans-7.1\profiler;\\ad.susx.ac.uk\ITS\Applications\Informatics\Netbeans-7.1\python;\\ad.susx.ac.uk\ITS\Applications\Informatics\Netbeans-7.1\php;\\ad.susx.ac.uk\ITS\Applications\Informatics\Netbeans-7.1\identity;\\ad.susx.ac.uk\ITS\Applications\Informatics\Netbeans-7.1\harness;\\ad.susx.ac.uk\ITS\Applications\Informatics\Netbeans-7.1\cnd;\\ad.susx.ac.uk\ITS\Applications\Informatics\Netbeans-7.1\dlight;\\ad.susx.ac.uk\ITS\Applications\Informatics\Netbeans-7.1\groovy;\\ad.susx.ac.uk\ITS\Applications\Informatics\Netbeans-7.1\extra;\\ad.susx.ac.uk\ITS\Applications\Informatics\Netbeans-7.1\javacard;\\ad.susx.ac.uk\ITS\Applications\Informatics\Netbeans-7.1\javafx" />
    <property name="libs.jsf20.javadoc" value="\\ad.susx.ac.uk\ITS\Applications\Informatics\Netbeans-7.1\enterprise\docs\javaee6-doc-api.zip" />
    <property name="java.ext.dirs" value="\\ad.susx.ac.uk\its\Applications\Informatics\jdk1.7.0_03\jre\lib\ext;C:\WINDOWS\Sun\Java\lib\ext" />
    <property name="libs.metro.src" value="" />
    <property name="libs.savaje-ant-utils.maven-pom" value="" />
    <property name="libs.semc-ant-utils.src" value="" />
    <property name="libs.absolutelayout.classpath" value="\\ad.susx.ac.uk\ITS\Applications\Informatics\Netbeans-7.1\java\modules\ext\AbsoluteLayout.jar" />
    <property name="excludes" value="" />
    <property name="libs.metro.classpath" value="\\ad.susx.ac.uk\ITS\Applications\Informatics\Netbeans-7.1\ide\modules\ext\jaxb\activation.jar;\\ad.susx.ac.uk\ITS\Applications\Informatics\Netbeans-7.1\enterprise\modules\ext\metro\webservices-api.jar;\\ad.susx.ac.uk\ITS\Applications\Informatics\Netbeans-7.1\enterprise\modules\ext\metro\webservices-extra-api.jar;\\ad.susx.ac.uk\ITS\Applications\Informatics\Netbeans-7.1\enterprise\modules\ext\metro\webservices-extra.jar;\\ad.susx.ac.uk\ITS\Applications\Informatics\Netbeans-7.1\enterprise\modules\ext\metro\webservices-rt.jar;\\ad.susx.ac.uk\ITS\Applications\Informatics\Netbeans-7.1\enterprise\modules\ext\metro\webservices-tools.jar" />
    <property name="libs.restlib.maven-pom" value="" />
    <property name="libs.DataBindingME.javadoc" value="\\ad.susx.ac.uk\ITS\Applications\Informatics\Netbeans-7.1\mobility\modules\docs\netbeans_databindingme-api.zip" />
    <property name="apple.laf.useScreenMenuBar" value="true" />
    <property name="java.class.path" value="N:\Desktop\GitHub\Checkers\build\classes;\\ad.susx.ac.uk\ITS\Applications\Informatics\Netbeans-7.1\platform\modules\ext\junit-4.10.jar;N:\Desktop\GitHub\Checkers\build\test\classes;\\ad.susx.ac.uk\ITS\Applications\Informatics\Netbeans-7.1\java\ant\lib\ant-launcher.jar;\\ad.susx.ac.uk\ITS\Applications\Informatics\Netbeans-7.1\java\ant\lib\ant.jar;\\ad.susx.ac.uk\ITS\Applications\Informatics\Netbeans-7.1\java\ant\lib\ant-junit.jar;\\ad.susx.ac.uk\ITS\Applications\Informatics\Netbeans-7.1\java\ant\lib\ant-junit4.jar" />
    <property name="do.mkdist" value="true" />
    <property name="libs.absolutelayout.src" value="" />
    <property name="libs.cdc-pp-awt-layout.maven-pom" value="" />
    <property name="os.version" value="6.1" />
    <property name="application.args" value="" />
    <property name="libs.JMUnit4CLDC11.maven-pom" value="" />
    <property name="main.class.available" value="true" />
    <property name="sun.awt.enableExtraMouseButtons" value="true" />
    <property name="libs.toplink.javadoc" value="" />
    <property name="sun.desktop" value="windows" />
    <property name="libs.nb_svg_midp_components.maven-pom" value="" />
    <property name="libs.restlib.javadoc" value="\\ad.susx.ac.uk\ITS\Applications\Informatics\Netbeans-7.1\enterprise\docs\jersey-1.8-javadoc.zip;\\ad.susx.ac.uk\ITS\Applications\Informatics\Netbeans-7.1\enterprise\docs\jersey-apache-client-1.8-javadoc.zip;\\ad.susx.ac.uk\ITS\Applications\Informatics\Netbeans-7.1\enterprise\docs\jersey-atom-abdera-1.8-javadoc.zip;\\ad.susx.ac.uk\ITS\Applications\Informatics\Netbeans-7.1\enterprise\docs\jersey-guice-1.8-javadoc.zip;\\ad.susx.ac.uk\ITS\Applications\Informatics\Netbeans-7.1\enterprise\docs\jersey-multipart-1.8-javadoc.zip;\\ad.susx.ac.uk\ITS\Applications\Informatics\Netbeans-7.1\enterprise\docs\jersey-simple-server-1.8-javadoc.zip;\\ad.susx.ac.uk\ITS\Applications\Informatics\Netbeans-7.1\enterprise\docs\jersey-spring-1.8-javadoc.zip;\\ad.susx.ac.uk\ITS\Applications\Informatics\Netbeans-7.1\enterprise\docs\oauth-client-1.8-javadoc.zip;\\ad.susx.ac.uk\ITS\Applications\Informatics\Netbeans-7.1\enterprise\docs\oauth-server-1.8-javadoc.zip;\\ad.susx.ac.uk\ITS\Applications\Informatics\Netbeans-7.1\enterprise\docs\oauth-signature-1.8-javadoc.zip" />
    <property name="libs.NetBeans MIDP Components PDA.maven-pom" value="" />
    <property name="libs.JAXB-ENDORSED.classpath" value="\\ad.susx.ac.uk\ITS\Applications\Informatics\Netbeans-7.1\ide\modules\ext\jaxb\api\jaxb-api.jar" />
    <property name="libs.eclipselink.classpath" value="\\ad.susx.ac.uk\ITS\Applications\Informatics\Netbeans-7.1\java\modules\ext\eclipselink\eclipselink-2.3.0.jar;\\ad.susx.ac.uk\ITS\Applications\Informatics\Netbeans-7.1\java\modules\ext\eclipselink\javax.persistence-2.0.jar;\\ad.susx.ac.uk\ITS\Applications\Informatics\Netbeans-7.1\java\modules\ext\eclipselink\org.eclipse.persistence.jpa.jpql_1.0.0.jar" />
    <property name="java.awt.graphicsenv" value="sun.awt.Win32GraphicsEnvironment" />
    <property name="libs.beans-binding.javadoc" value="\\ad.susx.ac.uk\ITS\Applications\Informatics\Netbeans-7.1\java\docs\beansbinding-1.2.1-doc.zip" />
    <property name="java.vm.vendor" value="Oracle Corporation" />
    <property name="libs.CopyLibs.classpath" value="\\ad.susx.ac.uk\ITS\Applications\Informatics\Netbeans-7.1\java\ant\extra\org-netbeans-modules-java-j2seproject-copylibstask.jar" />
    <property name="libs.spring-framework300.classpath" value="\\ad.susx.ac.uk\ITS\Applications\Informatics\Netbeans-7.1\ide\modules\org-apache-commons-logging.jar;\\ad.susx.ac.uk\ITS\Applications\Informatics\Netbeans-7.1\java\modules\ext\cglib-2.2.jar;\\ad.susx.ac.uk\ITS\Applications\Informatics\Netbeans-7.1\java\modules\ext\spring-3.0\spring-aop-3.0.6.RELEASE.jar;\\ad.susx.ac.uk\ITS\Applications\Informatics\Netbeans-7.1\java\modules\ext\spring-3.0\spring-asm-3.0.6.RELEASE.jar;\\ad.susx.ac.uk\ITS\Applications\Informatics\Netbeans-7.1\java\modules\ext\spring-3.0\spring-aspects-3.0.6.RELEASE.jar;\\ad.susx.ac.uk\ITS\Applications\Informatics\Netbeans-7.1\java\modules\ext\spring-3.0\spring-beans-3.0.6.RELEASE.jar;\\ad.susx.ac.uk\ITS\Applications\Informatics\Netbeans-7.1\java\modules\ext\spring-3.0\spring-context-3.0.6.RELEASE.jar;\\ad.susx.ac.uk\ITS\Applications\Informatics\Netbeans-7.1\java\modules\ext\spring-3.0\spring-context-support-3.0.6.RELEASE.jar;\\ad.susx.ac.uk\ITS\Applications\Informatics\Netbeans-7.1\java\modules\ext\spring-3.0\spring-core-3.0.6.RELEASE.jar;\\ad.susx.ac.uk\ITS\Applications\Informatics\Netbeans-7.1\java\modules\ext\spring-3.0\spring-expression-3.0.6.RELEASE.jar;\\ad.susx.ac.uk\ITS\Applications\Informatics\Netbeans-7.1\java\modules\ext\spring-3.0\spring-instrument-3.0.6.RELEASE.jar;\\ad.susx.ac.uk\ITS\Applications\Informatics\Netbeans-7.1\java\modules\ext\spring-3.0\spring-instrument-tomcat-3.0.6.RELEASE.jar;\\ad.susx.ac.uk\ITS\Applications\Informatics\Netbeans-7.1\java\modules\ext\spring-3.0\spring-jdbc-3.0.6.RELEASE.jar;\\ad.susx.ac.uk\ITS\Applications\Informatics\Netbeans-7.1\java\modules\ext\spring-3.0\spring-jms-3.0.6.RELEASE.jar;\\ad.susx.ac.uk\ITS\Applications\Informatics\Netbeans-7.1\java\modules\ext\spring-3.0\spring-orm-3.0.6.RELEASE.jar;\\ad.susx.ac.uk\ITS\Applications\Informatics\Netbeans-7.1\java\modules\ext\spring-3.0\spring-oxm-3.0.6.RELEASE.jar;\\ad.susx.ac.uk\ITS\Applications\Informatics\Netbeans-7.1\java\modules\ext\spring-3.0\spring-test-3.0.6.RELEASE.jar;\\ad.susx.ac.uk\ITS\Applications\Informatics\Netbeans-7.1\java\modules\ext\spring-3.0\spring-tx-3.0.6.RELEASE.jar;\\ad.susx.ac.uk\ITS\Applications\Informatics\Netbeans-7.1\java\modules\ext\spring-3.0\spring-web-3.0.6.RELEASE.jar;\\ad.susx.ac.uk\ITS\Applications\Informatics\Netbeans-7.1\java\modules\ext\spring-3.0\spring-webmvc-portlet-3.0.6.RELEASE.jar;\\ad.susx.ac.uk\ITS\Applications\Informatics\Netbeans-7.1\java\modules\ext\spring-3.0\spring-webmvc-3.0.6.RELEASE.jar;\\ad.susx.ac.uk\ITS\Applications\Informatics\Netbeans-7.1\java\modules\ext\spring-3.0\spring-struts-3.0.6.RELEASE.jar" />
    <property name="libs.jsp-compiler.maven-pom" value="" />
    <property name="libs.spring-webmvc.maven-pom" value="" />
    <property name="run.jvmargs" value="" />
    <property name="libs.ejb3-persistence.classpath" value="\\ad.susx.ac.uk\ITS\Applications\Informatics\Netbeans-7.1\java\modules\ext\hibernate\ejb3-persistence.jar" />
    <property name="libs.JAXB-ENDORSED.src" value="" />
    <property name="libs.spring-framework.javadoc" value="" />
    <property name="libs.DataBindingME-PIM.src" value="\\ad.susx.ac.uk\ITS\Applications\Informatics\Netbeans-7.1\mobility\sources\netbeans_databindingme_pim-src.zip" />
    <property name="user.script" value="" />
    <property name="libs.PostgreSQLDriver.classpath" value="\\ad.susx.ac.uk\ITS\Applications\Informatics\Netbeans-7.1\ide\modules\ext\postgresql-8.3-603.jdbc3.jar" />
    <property name="libs.jsf12.maven-pom" value="" />
    <property name="libs.junit.src" value="" />
    <property name="annotation.processing.source.output" value="build/generated-sources/ap-source-output" />
    <property name="main.class" value="checkers.Checkers" />
    <property name="libs.CopyLibs.src" value="" />
    <property name="build.dir" value="build" />
    <property name="libs.jsp-compilation.classpath" value="\\ad.susx.ac.uk\ITS\Applications\Informatics\Netbeans-7.1\java\ant\lib\ant.jar;\\ad.susx.ac.uk\ITS\Applications\Informatics\Netbeans-7.1\enterprise\modules\ext\servlet3.0-jsp2.2-api.jar;\\ad.susx.ac.uk\ITS\Applications\Informatics\Netbeans-7.1\enterprise\modules\ext\glassfish-jspparser-3.0.jar;\\ad.susx.ac.uk\ITS\Applications\Informatics\Netbeans-7.1\enterprise\modules\ext\jsf-2_1\jsf-api.jar;\\ad.susx.ac.uk\ITS\Applications\Informatics\Netbeans-7.1\enterprise\modules\ext\jstl.jar;\\ad.susx.ac.uk\ITS\Applications\Informatics\Netbeans-7.1\java\ant\lib\ant-launcher.jar" />
    <property name="ant.version" value="Apache Ant(TM) version 1.8.3 compiled on February 26 2012" />
    <property name="file.encoding" value="Cp1252" />
    <property name="build.classes.excludes" value="**/*.java,**/*.form" />
    <property name="jdkBug6558476" value="false" />
    <property name="javadoc.nonavbar" value="false" />
    <property name="platform.active" value="default_platform" />
    <property name="awt.toolkit" value="sun.awt.windows.WToolkit" />
  </properties>
  <testcase classname="checkers.BoardTest" name="testInitBlack" time="0.054">
    <failure message="The test case is a prototype." type="junit.framework.AssertionFailedError">junit.framework.AssertionFailedError: The test case is a prototype.
	at checkers.BoardTest.testInitBlack(BoardTest.java:56)
</failure>
  </testcase>
  <testcase classname="checkers.BoardTest" name="testBoard" time="0.003">
    <error type="java.lang.NullPointerException">java.lang.NullPointerException
	at checkers.Board.Board(Board.java:26)
	at checkers.BoardTest.testBoard(BoardTest.java:42)
</error>
  </testcase>
  <system-out><![CDATA[initBlack
Board
]]></system-out>
  <system-err><![CDATA[]]></system-err>
</testsuite>
